<?xml version="1.0" encoding="UTF-8" ?>
<testsuite tests="31" failures="0" name="com.revature.anthony.nguyen.project0.project0.MyTest" time="4.781" errors="0" skipped="0">
  <properties>
    <property name="java.runtime.name" value="Java(TM) SE Runtime Environment"/>
    <property name="sun.boot.library.path" value="/Library/Java/JavaVirtualMachines/jdk1.8.0_201.jdk/Contents/Home/jre/lib"/>
    <property name="java.vm.version" value="25.201-b09"/>
    <property name="gopherProxySet" value="false"/>
    <property name="java.vm.vendor" value="Oracle Corporation"/>
    <property name="maven.multiModuleProjectDirectory" value="/Users/anthony/Desktop/revature/project0/project0"/>
    <property name="java.vendor.url" value="http://java.oracle.com/"/>
    <property name="path.separator" value=":"/>
    <property name="guice.disable.misplaced.annotation.check" value="true"/>
    <property name="java.vm.name" value="Java HotSpot(TM) 64-Bit Server VM"/>
    <property name="file.encoding.pkg" value="sun.io"/>
    <property name="user.country" value="US"/>
    <property name="sun.java.launcher" value="SUN_STANDARD"/>
    <property name="sun.os.patch.level" value="unknown"/>
    <property name="java.vm.specification.name" value="Java Virtual Machine Specification"/>
    <property name="user.dir" value="/Users/anthony/Desktop/revature/project0/project0"/>
    <property name="java.runtime.version" value="1.8.0_201-b09"/>
    <property name="java.awt.graphicsenv" value="sun.awt.CGraphicsEnvironment"/>
    <property name="java.endorsed.dirs" value="/Library/Java/JavaVirtualMachines/jdk1.8.0_201.jdk/Contents/Home/jre/lib/endorsed"/>
    <property name="os.arch" value="x86_64"/>
    <property name="java.io.tmpdir" value="/var/folders/1q/kr04s2qx76nbtn80254nvg0r0000gn/T/"/>
    <property name="line.separator" value="
"/>
    <property name="java.vm.specification.vendor" value="Oracle Corporation"/>
    <property name="os.name" value="Mac OS X"/>
    <property name="classworlds.conf" value="/Users/anthony/Applications/apache-maven-3.6-2.0/bin/m2.conf"/>
    <property name="sun.jnu.encoding" value="UTF-8"/>
    <property name="java.library.path" value="/Users/anthony/Library/Java/Extensions:/Library/Java/Extensions:/Network/Library/Java/Extensions:/System/Library/Java/Extensions:/usr/lib/java:."/>
    <property name="maven.conf" value="/Users/anthony/Applications/apache-maven-3.6-2.0/conf"/>
    <property name="java.specification.name" value="Java Platform API Specification"/>
    <property name="java.class.version" value="52.0"/>
    <property name="sun.management.compiler" value="HotSpot 64-Bit Tiered Compilers"/>
    <property name="os.version" value="10.14.3"/>
    <property name="library.jansi.path" value="/Users/anthony/Applications/apache-maven-3.6-2.0/lib/jansi-native"/>
    <property name="http.nonProxyHosts" value="local|*.local|169.254/16|*.169.254/16"/>
    <property name="user.home" value="/Users/anthony"/>
    <property name="user.timezone" value="America/New_York"/>
    <property name="java.awt.printerjob" value="sun.lwawt.macosx.CPrinterJob"/>
    <property name="java.specification.version" value="1.8"/>
    <property name="file.encoding" value="UTF-8"/>
    <property name="user.name" value="anthony"/>
    <property name="java.class.path" value="/Users/anthony/Applications/apache-maven-3.6-2.0/boot/plexus-classworlds-2.5.2.jar"/>
    <property name="java.vm.specification.version" value="1.8"/>
    <property name="sun.arch.data.model" value="64"/>
    <property name="java.home" value="/Library/Java/JavaVirtualMachines/jdk1.8.0_201.jdk/Contents/Home/jre"/>
    <property name="sun.java.command" value="org.codehaus.plexus.classworlds.launcher.Launcher test"/>
    <property name="java.specification.vendor" value="Oracle Corporation"/>
    <property name="user.language" value="en"/>
    <property name="awt.toolkit" value="sun.lwawt.macosx.LWCToolkit"/>
    <property name="java.vm.info" value="mixed mode"/>
    <property name="java.version" value="1.8.0_201"/>
    <property name="java.ext.dirs" value="/Users/anthony/Library/Java/Extensions:/Library/Java/JavaVirtualMachines/jdk1.8.0_201.jdk/Contents/Home/jre/lib/ext:/Library/Java/Extensions:/Network/Library/Java/Extensions:/System/Library/Java/Extensions:/usr/lib/java"/>
    <property name="sun.boot.class.path" value="/Library/Java/JavaVirtualMachines/jdk1.8.0_201.jdk/Contents/Home/jre/lib/resources.jar:/Library/Java/JavaVirtualMachines/jdk1.8.0_201.jdk/Contents/Home/jre/lib/rt.jar:/Library/Java/JavaVirtualMachines/jdk1.8.0_201.jdk/Contents/Home/jre/lib/sunrsasign.jar:/Library/Java/JavaVirtualMachines/jdk1.8.0_201.jdk/Contents/Home/jre/lib/jsse.jar:/Library/Java/JavaVirtualMachines/jdk1.8.0_201.jdk/Contents/Home/jre/lib/jce.jar:/Library/Java/JavaVirtualMachines/jdk1.8.0_201.jdk/Contents/Home/jre/lib/charsets.jar:/Library/Java/JavaVirtualMachines/jdk1.8.0_201.jdk/Contents/Home/jre/lib/jfr.jar:/Library/Java/JavaVirtualMachines/jdk1.8.0_201.jdk/Contents/Home/jre/classes"/>
    <property name="java.vendor" value="Oracle Corporation"/>
    <property name="maven.home" value="/Users/anthony/Applications/apache-maven-3.6-2.0"/>
    <property name="file.separator" value="/"/>
    <property name="java.vendor.url.bug" value="http://bugreport.sun.com/bugreport/"/>
    <property name="sun.cpu.endian" value="little"/>
    <property name="sun.io.unicode.encoding" value="UnicodeBig"/>
    <property name="socksNonProxyHosts" value="local|*.local|169.254/16|*.169.254/16"/>
    <property name="ftp.nonProxyHosts" value="local|*.local|169.254/16|*.169.254/16"/>
    <property name="sun.cpu.isalist" value=""/>
  </properties>
  <testcase classname="com.revature.anthony.nguyen.project0.project0.MyTest" name="testUserOracleCheckUsernameThatExists" time="0.686"/>
  <testcase classname="com.revature.anthony.nguyen.project0.project0.MyTest" name="testDeleteFalseAccountAsAdmin" time="0.135"/>
  <testcase classname="com.revature.anthony.nguyen.project0.project0.MyTest" name="testCreateCheckingAccount" time="0.128"/>
  <testcase classname="com.revature.anthony.nguyen.project0.project0.MyTest" name="testUserOracleLoginNonExistingUser" time="0.118"/>
  <testcase classname="com.revature.anthony.nguyen.project0.project0.MyTest" name="testRetrieveAccounts" time="0.17"/>
  <testcase classname="com.revature.anthony.nguyen.project0.project0.MyTest" name="testWithdrawNegative" time="0.14"/>
  <testcase classname="com.revature.anthony.nguyen.project0.project0.MyTest" name="testDeleteAccountWithNoBalance" time="0.131"/>
  <testcase classname="com.revature.anthony.nguyen.project0.project0.MyTest" name="testUserOracleLoginWrongPassword" time="0.128"/>
  <testcase classname="com.revature.anthony.nguyen.project0.project0.MyTest" name="testRemoveUserExistingAsAdmin" time="0.122"/>
  <testcase classname="com.revature.anthony.nguyen.project0.project0.MyTest" name="testRemoveUserExistingWithBalance" time="0.145"/>
  <testcase classname="com.revature.anthony.nguyen.project0.project0.MyTest" name="testRetrieveAccountsAsAdmin" time="0.127"/>
  <testcase classname="com.revature.anthony.nguyen.project0.project0.MyTest" name="testUserOracleAddUserInDatabaseAlreadyExist" time="0.164"/>
  <testcase classname="com.revature.anthony.nguyen.project0.project0.MyTest" name="testTransferExtra" time="0.143"/>
  <testcase classname="com.revature.anthony.nguyen.project0.project0.MyTest" name="testRetrieveAccountsNonExistingUser" time="0.122"/>
  <testcase classname="com.revature.anthony.nguyen.project0.project0.MyTest" name="testRemoveUserExistingWithNoBalance" time="0.143"/>
  <testcase classname="com.revature.anthony.nguyen.project0.project0.MyTest" name="testUserOracleCheckUsernameNotExisting" time="0.122"/>
  <testcase classname="com.revature.anthony.nguyen.project0.project0.MyTest" name="testTransferNormal" time="0.158"/>
  <testcase classname="com.revature.anthony.nguyen.project0.project0.MyTest" name="testUserOracleAddUserInDatabase" time="0.102"/>
  <testcase classname="com.revature.anthony.nguyen.project0.project0.MyTest" name="testRemoveUserNonExistingAsAdmin" time="0.127"/>
  <testcase classname="com.revature.anthony.nguyen.project0.project0.MyTest" name="testCreateCheckingAccountNonExistingUser" time="0.117"/>
  <testcase classname="com.revature.anthony.nguyen.project0.project0.MyTest" name="testTransferVoidAccount" time="0.123"/>
  <testcase classname="com.revature.anthony.nguyen.project0.project0.MyTest" name="testWithdrawExtra" time="0.136"/>
  <testcase classname="com.revature.anthony.nguyen.project0.project0.MyTest" name="testRemoveUserNonExisting" time="0.107"/>
  <testcase classname="com.revature.anthony.nguyen.project0.project0.MyTest" name="testUserOracleLoginExistingUser" time="0.116"/>
  <testcase classname="com.revature.anthony.nguyen.project0.project0.MyTest" name="testDepositNegative" time="0.143"/>
  <testcase classname="com.revature.anthony.nguyen.project0.project0.MyTest" name="testDepositNormal" time="0.15"/>
  <testcase classname="com.revature.anthony.nguyen.project0.project0.MyTest" name="testDeleteAccountAsAdmin" time="0.144"/>
  <testcase classname="com.revature.anthony.nguyen.project0.project0.MyTest" name="testWithdrawNormal" time="0.134"/>
  <testcase classname="com.revature.anthony.nguyen.project0.project0.MyTest" name="testTransferNegative" time="0.209"/>
  <testcase classname="com.revature.anthony.nguyen.project0.project0.MyTest" name="testDeleteAccountWithBalance" time="0.17"/>
  <testcase classname="com.revature.anthony.nguyen.project0.project0.MyTest" name="testRetrieveUsersAsAdminNoUsers" time="0.121"/>
</testsuite>